<?xml version="1.0" encoding="UTF-8"?>
<!-- Generated by org.testng.reporters.JUnitXMLReporter -->
<testsuite ignored="0" hostname="Art-Samir" failures="0" tests="3" name="Default test" time="64.807" errors="0" timestamp="15 May 2024 12:13:29 GMT">
  <testcase classname="AssignmentDay8.day8Assignment" name="chromelogintest" time="18.25"/>
  <testcase classname="AssignmentDay8.day8Assignment" name="edgelogintest" time="16.819"/>
  <testcase classname="AssignmentDay8.day8Assignment" name="firefoxlogintest" time="27.996"/>
</testsuite> <!-- Default test -->
