<?xml version="1.0" encoding="UTF-8"?>
<!-- Generated by org.testng.reporters.JUnitXMLReporter -->
<testsuite ignored="0" hostname="Art-Samir" failures="0" tests="3" name="Test" time="41.134" errors="0" timestamp="15 May 2024 12:16:16 GMT">
  <testcase classname="AssignmentDay8.day8Assignment" name="chromelogintest" time="29.692"/>
  <testcase classname="AssignmentDay8.day8Assignment" name="edgelogintest" time="30.676"/>
  <testcase classname="AssignmentDay8.day8Assignment" name="firefoxlogintest" time="39.234"/>
</testsuite> <!-- Test -->
